<?xml version="1.0" encoding="UTF-8"?>
<coverage generated="1465682996963" clover="3.2.0">
	<project timestamp="1465682996963"  name="All Files" >
		<metrics statements="14"  coveredstatements="14"  conditionals="0"  coveredconditionals="0"  methods="6"  coveredmethods="6"  elements="20"  coveredelements="20"  complexity="0"  packages="1"  files="1"  classes="1"  loc="18"  ncloc="18" />
		<package name="istanbul-coverage" >
			<metrics statements="14"  coveredstatements="14"  conditionals="0"  coveredconditionals="0"  methods="6"  coveredmethods="6" />
			<file name="index.js"  path="/Users/cliffxuan/dev/istanbul-coverage/index.js" >
				<metrics statements="14"  coveredstatements="14"  conditionals="0"  coveredconditionals="0"  methods="6"  coveredmethods="6" />
				<line num="1"  count="1"  type="stmt" />
				<line num="2"  count="1"  type="stmt" />
				<line num="3"  count="4"  type="stmt" />
				<line num="5"  count="12"  type="stmt" />
				<line num="6"  count="1"  type="stmt" />
				<line num="7"  count="1"  type="stmt" />
				<line num="8"  count="1"  type="stmt" />
				<line num="10"  count="4"  type="stmt" />
				<line num="11"  count="1"  type="stmt" />
				<line num="12"  count="1"  type="stmt" />
				<line num="13"  count="1"  type="stmt" />
				<line num="14"  count="4"  type="stmt" />
				<line num="15"  count="4"  type="stmt" />
				<line num="18"  count="1"  type="stmt" />
			</file>
		</package>
	</project>
</coverage>
