<?xml version="1.0" encoding="UTF-8"?>
<coverage generated="1465674502178" clover="3.2.0">
	<project timestamp="1465674502178"  name="All Files" >
		<metrics statements="12"  coveredstatements="12"  conditionals="18"  coveredconditionals="4"  methods="9"  coveredmethods="8"  elements="39"  coveredelements="24"  complexity="0"  packages="1"  files="1"  classes="1"  loc="16"  ncloc="16" />
		<package name="istanbul-coverage" >
			<metrics statements="12"  coveredstatements="12"  conditionals="18"  coveredconditionals="4"  methods="9"  coveredmethods="8" />
			<file name="index.js"  path="/Users/cliffxuan/dev/istanbul-coverage/index.js" >
				<metrics statements="12"  coveredstatements="12"  conditionals="18"  coveredconditionals="4"  methods="9"  coveredmethods="8" />
				<line num="1"  count="4"  type="cond"  truecount="1"  falsecount="13" />
				<line num="3"  count="1"  type="cond"  truecount="3"  falsecount="1" />
				<line num="4"  count="1"  type="stmt" />
				<line num="6"  count="9"  type="stmt" />
				<line num="7"  count="1"  type="stmt" />
				<line num="8"  count="1"  type="stmt" />
				<line num="9"  count="1"  type="stmt" />
				<line num="11"  count="1"  type="stmt" />
				<line num="12"  count="3"  type="stmt" />
				<line num="13"  count="1"  type="stmt" />
				<line num="14"  count="3"  type="stmt" />
				<line num="16"  count="1"  type="stmt" />
			</file>
		</package>
	</project>
</coverage>
