{
"/Users/cliffxuan/dev/istanbul-coverage/index.js":{"path":"/Users/cliffxuan/dev/istanbul-coverage/index.js","s":{"1":1,"2":1,"3":1,"4":0,"5":0,"6":0,"7":0,"8":0,"9":0,"10":0,"11":0,"12":0,"13":0,"14":0,"15":0,"16":0,"17":0,"18":0,"19":0,"20":0,"21":1,"22":4,"23":4,"24":0,"25":0,"26":0,"27":1,"28":1,"29":1,"30":1,"31":1,"32":1,"33":1,"34":1,"35":1,"36":1,"37":1,"38":3,"39":9,"40":1,"41":1,"42":1,"43":1,"44":3,"45":3,"46":3,"47":3,"48":3,"49":1,"50":1,"51":3,"52":1},"b":{"1":[0,0],"2":[0,0],"3":[0,0],"4":[0,0],"5":[0,0],"6":[4,0],"7":[0,0],"8":[0,1],"9":[1,1]},"f":{"1":1,"2":0,"3":4,"4":1,"5":1,"6":3,"7":9,"8":3,"9":3},"fnMap":{"1":{"name":"(anonymous_1)","line":1,"loc":{"start":{"line":1,"column":122},"end":{"line":1,"column":134}}},"2":{"name":"sliceIterator","line":1,"loc":{"start":{"line":1,"column":135},"end":{"line":1,"column":166}}},"3":{"name":"(anonymous_3)","line":1,"loc":{"start":{"line":1,"column":514},"end":{"line":1,"column":532}}},"4":{"name":"_interopRequireDefault","line":3,"loc":{"start":{"line":3,"column":152},"end":{"line":3,"column":189}}},"5":{"name":"cumulative","line":3,"loc":{"start":{"line":3,"column":245},"end":{"line":3,"column":278}}},"6":{"name":"getCost","line":6,"loc":{"start":{"line":6,"column":16},"end":{"line":6,"column":64}}},"7":{"name":"(anonymous_7)","line":6,"loc":{"start":{"line":6,"column":82},"end":{"line":6,"column":121}},"skip":true},"8":{"name":"(anonymous_8)","line":12,"loc":{"start":{"line":12,"column":6},"end":{"line":12,"column":75}}},"9":{"name":"(anonymous_9)","line":14,"loc":{"start":{"line":14,"column":20},"end":{"line":14,"column":65}}}},"statementMap":{"1":{"start":{"line":1,"column":39},"end":{"line":1,"column":101},"skip":true},"2":{"start":{"line":1,"column":101},"end":{"line":1,"column":733}},"3":{"start":{"line":1,"column":135},"end":{"line":1,"column":507}},"4":{"start":{"line":1,"column":167},"end":{"line":1,"column":181}},"5":{"start":{"line":1,"column":181},"end":{"line":1,"column":195}},"6":{"start":{"line":1,"column":195},"end":{"line":1,"column":210}},"7":{"start":{"line":1,"column":210},"end":{"line":1,"column":229}},"8":{"start":{"line":1,"column":229},"end":{"line":1,"column":494}},"9":{"start":{"line":1,"column":234},"end":{"line":1,"column":374}},"10":{"start":{"line":1,"column":319},"end":{"line":1,"column":339}},"11":{"start":{"line":1,"column":339},"end":{"line":1,"column":373}},"12":{"start":{"line":1,"column":367},"end":{"line":1,"column":373}},"13":{"start":{"line":1,"column":389},"end":{"line":1,"column":399}},"14":{"start":{"line":1,"column":399},"end":{"line":1,"column":408}},"15":{"start":{"line":1,"column":419},"end":{"line":1,"column":493}},"16":{"start":{"line":1,"column":424},"end":{"line":1,"column":464}},"17":{"start":{"line":1,"column":449},"end":{"line":1,"column":464}},"18":{"start":{"line":1,"column":475},"end":{"line":1,"column":492}},"19":{"start":{"line":1,"column":483},"end":{"line":1,"column":492}},"20":{"start":{"line":1,"column":494},"end":{"line":1,"column":506}},"21":{"start":{"line":1,"column":507},"end":{"line":1,"column":729}},"22":{"start":{"line":1,"column":533},"end":{"line":1,"column":727}},"23":{"start":{"line":1,"column":558},"end":{"line":1,"column":569}},"24":{"start":{"line":1,"column":576},"end":{"line":1,"column":727}},"25":{"start":{"line":1,"column":613},"end":{"line":1,"column":642}},"26":{"start":{"line":1,"column":650},"end":{"line":1,"column":726}},"27":{"start":{"line":1,"column":733},"end":{"line":3,"column":24}},"28":{"start":{"line":3,"column":24},"end":{"line":3,"column":80}},"29":{"start":{"line":3,"column":107},"end":{"line":3,"column":152}},"30":{"start":{"line":3,"column":152},"end":{"line":3,"column":245}},"31":{"start":{"line":3,"column":190},"end":{"line":3,"column":244}},"32":{"start":{"line":3,"column":245},"end":{"line":22,"column":50}},"33":{"start":{"line":3,"column":305},"end":{"line":4,"column":126}},"34":{"start":{"line":4,"column":153},"end":{"line":4,"column":205}},"35":{"start":{"line":4,"column":205},"end":{"line":4,"column":235}},"36":{"start":{"line":4,"column":262},"end":{"line":4,"column":291}},"37":{"start":{"line":6,"column":2},"end":{"line":6,"column":141}},"38":{"start":{"line":6,"column":65},"end":{"line":6,"column":139},"skip":true},"39":{"start":{"line":6,"column":122},"end":{"line":6,"column":136},"skip":true},"40":{"start":{"line":7,"column":2},"end":{"line":7,"column":33}},"41":{"start":{"line":8,"column":2},"end":{"line":8,"column":33}},"42":{"start":{"line":9,"column":2},"end":{"line":9,"column":33}},"43":{"start":{"line":11,"column":2},"end":{"line":12,"column":183}},"44":{"start":{"line":12,"column":76},"end":{"line":12,"column":112},"skip":true},"45":{"start":{"line":12,"column":112},"end":{"line":12,"column":129}},"46":{"start":{"line":12,"column":129},"end":{"line":12,"column":146}},"47":{"start":{"line":12,"column":146},"end":{"line":12,"column":163}},"48":{"start":{"line":12,"column":163},"end":{"line":12,"column":180}},"49":{"start":{"line":13,"column":2},"end":{"line":13,"column":32}},"50":{"start":{"line":14,"column":2},"end":{"line":14,"column":111}},"51":{"start":{"line":14,"column":66},"end":{"line":14,"column":105},"skip":true},"52":{"start":{"line":16,"column":2},"end":{"line":22,"column":49}}},"branchMap":{"1":{"line":1,"type":"if","locations":[{"start":{"line":1,"column":339},"end":{"line":1,"column":339}},{"start":{"line":1,"column":339},"end":{"line":1,"column":339}}]},"2":{"line":1,"type":"binary-expr","locations":[{"start":{"line":1,"column":343},"end":{"line":1,"column":344}},{"start":{"line":1,"column":348},"end":{"line":1,"column":365}}]},"3":{"line":1,"type":"if","locations":[{"start":{"line":1,"column":424},"end":{"line":1,"column":424}},{"start":{"line":1,"column":424},"end":{"line":1,"column":424}}]},"4":{"line":1,"type":"binary-expr","locations":[{"start":{"line":1,"column":428},"end":{"line":1,"column":431}},{"start":{"line":1,"column":435},"end":{"line":1,"column":447}}]},"5":{"line":1,"type":"if","locations":[{"start":{"line":1,"column":475},"end":{"line":1,"column":475}},{"start":{"line":1,"column":475},"end":{"line":1,"column":475}}]},"6":{"line":1,"type":"if","locations":[{"start":{"line":1,"column":533},"end":{"line":1,"column":533}},{"start":{"line":1,"column":533},"end":{"line":1,"column":533}}]},"7":{"line":1,"type":"if","locations":[{"start":{"line":1,"column":576},"end":{"line":1,"column":576}},{"start":{"line":1,"column":576},"end":{"line":1,"column":576}}]},"8":{"line":3,"type":"cond-expr","locations":[{"start":{"line":3,"column":221},"end":{"line":3,"column":224}},{"start":{"line":3,"column":227},"end":{"line":3,"column":243}}]},"9":{"line":3,"type":"binary-expr","locations":[{"start":{"line":3,"column":197},"end":{"line":3,"column":200}},{"start":{"line":3,"column":204},"end":{"line":3,"column":218}}]}},"l":{"1":4,"3":1,"4":1,"6":9,"7":1,"8":1,"9":1,"11":1,"12":3,"13":1,"14":3,"16":1}}}
