{
"/Users/cliffxuan/dev/istanbul-coverage/index.js":{"path":"/Users/cliffxuan/dev/istanbul-coverage/index.js","s":{"1":1,"2":1,"3":1,"4":1,"5":1,"6":4,"7":1,"8":3,"9":12,"10":1,"11":1,"12":1,"13":1,"14":4,"15":1,"16":1,"17":1,"18":4,"19":4,"20":1},"b":{},"f":{"1":1,"2":4,"3":3,"4":12,"5":4,"6":4},"fnMap":{"1":{"name":"cumulative","line":1,"loc":{"start":{"line":1,"column":133},"end":{"line":1,"column":166}}},"2":{"name":"(anonymous_2)","line":3,"loc":{"start":{"line":3,"column":25},"end":{"line":3,"column":68}}},"3":{"name":"getCostsByCategory","line":5,"loc":{"start":{"line":5,"column":27},"end":{"line":5,"column":91}}},"4":{"name":"(anonymous_4)","line":5,"loc":{"start":{"line":5,"column":109},"end":{"line":5,"column":151}},"skip":true},"5":{"name":"(anonymous_5)","line":10,"loc":{"start":{"line":10,"column":30},"end":{"line":10,"column":74}}},"6":{"name":"(anonymous_6)","line":13,"loc":{"start":{"line":13,"column":17},"end":{"line":13,"column":34}}}},"statementMap":{"1":{"start":{"line":1,"column":39},"end":{"line":1,"column":101},"skip":true},"2":{"start":{"line":1,"column":101},"end":{"line":1,"column":133}},"3":{"start":{"line":1,"column":133},"end":{"line":24,"column":50}},"4":{"start":{"line":2,"column":2},"end":{"line":2,"column":47}},"5":{"start":{"line":3,"column":2},"end":{"line":3,"column":98}},"6":{"start":{"line":3,"column":69},"end":{"line":3,"column":95},"skip":true},"7":{"start":{"line":5,"column":2},"end":{"line":5,"column":179}},"8":{"start":{"line":5,"column":92},"end":{"line":5,"column":177},"skip":true},"9":{"start":{"line":5,"column":152},"end":{"line":5,"column":174},"skip":true},"10":{"start":{"line":6,"column":2},"end":{"line":6,"column":44}},"11":{"start":{"line":7,"column":2},"end":{"line":7,"column":44}},"12":{"start":{"line":8,"column":2},"end":{"line":8,"column":44}},"13":{"start":{"line":10,"column":2},"end":{"line":10,"column":113}},"14":{"start":{"line":10,"column":75},"end":{"line":10,"column":110},"skip":true},"15":{"start":{"line":11,"column":2},"end":{"line":11,"column":32}},"16":{"start":{"line":12,"column":2},"end":{"line":12,"column":21}},"17":{"start":{"line":13,"column":2},"end":{"line":15,"column":45}},"18":{"start":{"line":14,"column":4},"end":{"line":14,"column":24}},"19":{"start":{"line":15,"column":4},"end":{"line":15,"column":42}},"20":{"start":{"line":18,"column":2},"end":{"line":24,"column":49}}},"branchMap":{},"l":{"1":1,"2":1,"3":4,"5":12,"6":1,"7":1,"8":1,"10":4,"11":1,"12":1,"13":1,"14":4,"15":4,"18":1}}}
