TN:
SF:/Users/cliffxuan/dev/istanbul-coverage/index.js
FN:1,(anonymous_1)
FN:1,sliceIterator
FN:1,(anonymous_3)
FN:3,_interopRequireDefault
FN:3,cumulative
FN:6,getCost
FN:6,(anonymous_7)
FN:12,(anonymous_8)
FN:14,(anonymous_9)
FNF:9
FNH:8
FNDA:1,(anonymous_1)
FNDA:0,sliceIterator
FNDA:4,(anonymous_3)
FNDA:1,_interopRequireDefault
FNDA:1,cumulative
FNDA:3,getCost
FNDA:9,(anonymous_7)
FNDA:3,(anonymous_8)
FNDA:3,(anonymous_9)
DA:1,4
DA:3,1
DA:4,1
DA:6,9
DA:7,1
DA:8,1
DA:9,1
DA:11,1
DA:12,3
DA:13,1
DA:14,3
DA:16,1
LF:12
LH:12
BRDA:1,1,0,0
BRDA:1,1,1,0
BRDA:1,2,0,0
BRDA:1,2,1,0
BRDA:1,3,0,0
BRDA:1,3,1,0
BRDA:1,4,0,0
BRDA:1,4,1,0
BRDA:1,5,0,0
BRDA:1,5,1,0
BRDA:1,6,0,4
BRDA:1,6,1,0
BRDA:1,7,0,0
BRDA:1,7,1,0
BRDA:3,8,0,0
BRDA:3,8,1,1
BRDA:3,9,0,1
BRDA:3,9,1,1
BRF:18
BRH:4
end_of_record
