TN:
SF:/Users/cliffxuan/dev/istanbul-coverage/index.js
FN:1,(anonymous_1)
FN:1,sliceIterator
FN:1,(anonymous_3)
FN:3,_interopRequireDefault
FN:3,_toArray
FN:3,cumulative
FN:6,getCostsByCategory
FNF:7
FNH:6
FNDA:1,(anonymous_1)
FNDA:0,sliceIterator
FNDA:1,(anonymous_3)
FNDA:1,_interopRequireDefault
FNDA:1,_toArray
FNDA:1,cumulative
FNDA:3,getCostsByCategory
DA:1,1
DA:3,1
DA:4,1
DA:6,3
DA:7,1
DA:8,1
DA:9,1
DA:11,1
DA:12,1
DA:14,1
LF:10
LH:10
BRDA:1,1,0,0
BRDA:1,1,1,0
BRDA:1,2,0,0
BRDA:1,2,1,0
BRDA:1,3,0,0
BRDA:1,3,1,0
BRDA:1,4,0,0
BRDA:1,4,1,0
BRDA:1,5,0,0
BRDA:1,5,1,0
BRDA:1,6,0,1
BRDA:1,6,1,0
BRDA:1,7,0,0
BRDA:1,7,1,0
BRDA:3,8,0,0
BRDA:3,8,1,1
BRDA:3,9,0,1
BRDA:3,9,1,1
BRDA:3,10,0,1
BRDA:3,10,1,0
BRF:20
BRH:5
end_of_record
